{
  message: ' Database connected successfully!',
  level: 'info',
  service: 'user-service',
  label: 'UMS',
  timestamp: '2023-06-29T10:47:42.920Z'
}
{
  message: ' Application listening on port 5000',
  level: 'info',
  service: 'user-service',
  label: 'UMS',
  timestamp: '2023-06-29T10:47:42.945Z'
}
{
  message: ' Database connected successfully!',
  level: 'info',
  service: 'user-service',
  label: 'UMS',
  timestamp: '2023-06-29T10:48:43.350Z'
}
{
  message: ' Application listening on port 5000',
  level: 'info',
  service: 'user-service',
  label: 'UMS',
  timestamp: '2023-06-29T10:48:43.373Z'
}
{
  message: ' Database connected successfully!',
  level: 'info',
  service: 'user-service',
  label: 'UMS',
  timestamp: '2023-06-29T10:48:59.511Z'
}
{
  message: ' Application listening on port 5000',
  level: 'info',
  service: 'user-service',
  label: 'UMS',
  timestamp: '2023-06-29T10:48:59.563Z'
}
{
  message: ' Database connected successfully!',
  level: 'info',
  service: 'user-service',
  label: 'UMS',
  timestamp: '2023-06-29T10:50:26.169Z'
}
{
  message: ' Application listening on port 5000',
  level: 'info',
  service: 'user-service',
  label: 'UMS',
  timestamp: '2023-06-29T10:50:26.200Z'
}
