{
  message: ' Database connected successfully!',
  level: 'info',
  service: 'user-service',
  label: 'UMS',
  timestamp: '2023-07-05T01:00:12.900Z'
}
{
  message: ' Application listening on port 5000',
  level: 'info',
  service: 'user-service',
  label: 'UMS',
  timestamp: '2023-07-05T01:00:12.928Z'
}
{
  message: ' Database connected successfully!',
  level: 'info',
  service: 'user-service',
  label: 'UMS',
  timestamp: '2023-07-05T01:02:39.842Z'
}
{
  message: ' Application listening on port 5000',
  level: 'info',
  service: 'user-service',
  label: 'UMS',
  timestamp: '2023-07-05T01:02:39.865Z'
}
{
  message: ' Database connected successfully!',
  level: 'info',
  service: 'user-service',
  label: 'UMS',
  timestamp: '2023-07-05T01:05:02.503Z'
}
{
  message: ' Application listening on port 5000',
  level: 'info',
  service: 'user-service',
  label: 'UMS',
  timestamp: '2023-07-05T01:05:02.545Z'
}
{
  message: ' Database connected successfully!',
  level: 'info',
  service: 'user-service',
  label: 'UMS',
  timestamp: '2023-07-05T01:05:50.757Z'
}
{
  message: ' Application listening on port 5000',
  level: 'info',
  service: 'user-service',
  label: 'UMS',
  timestamp: '2023-07-05T01:05:50.780Z'
}
{
  message: ' Database connected successfully!',
  level: 'info',
  service: 'user-service',
  label: 'UMS',
  timestamp: '2023-07-05T01:07:02.066Z'
}
{
  message: ' Application listening on port 5000',
  level: 'info',
  service: 'user-service',
  label: 'UMS',
  timestamp: '2023-07-05T01:07:02.090Z'
}
{
  message: ' Database connected successfully!',
  level: 'info',
  service: 'user-service',
  label: 'UMS',
  timestamp: '2023-07-05T01:08:59.100Z'
}
{
  message: ' Application listening on port 5000',
  level: 'info',
  service: 'user-service',
  label: 'UMS',
  timestamp: '2023-07-05T01:08:59.123Z'
}
{
  message: ' Database connected successfully!',
  level: 'info',
  service: 'user-service',
  label: 'UMS',
  timestamp: '2023-07-05T01:09:59.698Z'
}
{
  message: ' Application listening on port 5000',
  level: 'info',
  service: 'user-service',
  label: 'UMS',
  timestamp: '2023-07-05T01:09:59.713Z'
}
{
  message: ' Database connected successfully!',
  level: 'info',
  service: 'user-service',
  label: 'UMS',
  timestamp: '2023-07-05T01:17:38.695Z'
}
{
  message: ' Application listening on port 5000',
  level: 'info',
  service: 'user-service',
  label: 'UMS',
  timestamp: '2023-07-05T01:17:38.718Z'
}
{
  message: ' Database connected successfully!',
  level: 'info',
  service: 'user-service',
  label: 'UMS',
  timestamp: '2023-07-05T01:39:40.213Z'
}
{
  message: ' Application listening on port 5000',
  level: 'info',
  service: 'user-service',
  label: 'UMS',
  timestamp: '2023-07-05T01:39:40.240Z'
}
{
  message: ' Database connected successfully!',
  level: 'info',
  service: 'user-service',
  label: 'UMS',
  timestamp: '2023-07-05T01:40:02.149Z'
}
{
  message: ' Application listening on port 5000',
  level: 'info',
  service: 'user-service',
  label: 'UMS',
  timestamp: '2023-07-05T01:40:02.167Z'
}
