{
  message: ' Database connected successfully!',
  level: 'info',
  service: 'user-service',
  label: 'UMS',
  timestamp: '2023-07-05T21:01:04.937Z'
}
{
  message: ' Application listening on port 5000',
  level: 'info',
  service: 'user-service',
  label: 'UMS',
  timestamp: '2023-07-05T21:01:04.964Z'
}
{
  message: ' Database connected successfully!',
  level: 'info',
  service: 'user-service',
  label: 'UMS',
  timestamp: '2023-07-05T21:01:30.869Z'
}
{
  message: ' Application listening on port 5000',
  level: 'info',
  service: 'user-service',
  label: 'UMS',
  timestamp: '2023-07-05T21:01:30.888Z'
}
{
  message: ' Database connected successfully!',
  level: 'info',
  service: 'user-service',
  label: 'UMS',
  timestamp: '2023-07-05T21:02:07.328Z'
}
{
  message: ' Application listening on port 5000',
  level: 'info',
  service: 'user-service',
  label: 'UMS',
  timestamp: '2023-07-05T21:02:07.363Z'
}
{
  message: ' Database connected successfully!',
  level: 'info',
  service: 'user-service',
  label: 'UMS',
  timestamp: '2023-07-05T21:03:03.638Z'
}
{
  message: ' Application listening on port 5000',
  level: 'info',
  service: 'user-service',
  label: 'UMS',
  timestamp: '2023-07-05T21:03:03.652Z'
}
{
  message: ' Database connected successfully!',
  level: 'info',
  service: 'user-service',
  label: 'UMS',
  timestamp: '2023-07-05T21:03:10.608Z'
}
{
  message: ' Application listening on port 5000',
  level: 'info',
  service: 'user-service',
  label: 'UMS',
  timestamp: '2023-07-05T21:03:10.629Z'
}
{
  message: ' Database connected successfully!',
  level: 'info',
  service: 'user-service',
  label: 'UMS',
  timestamp: '2023-07-05T21:03:40.263Z'
}
{
  message: ' Application listening on port 5000',
  level: 'info',
  service: 'user-service',
  label: 'UMS',
  timestamp: '2023-07-05T21:03:40.289Z'
}
{
  message: ' Database connected successfully!',
  level: 'info',
  service: 'user-service',
  label: 'UMS',
  timestamp: '2023-07-05T21:03:57.755Z'
}
{
  message: ' Application listening on port 5000',
  level: 'info',
  service: 'user-service',
  label: 'UMS',
  timestamp: '2023-07-05T21:03:57.771Z'
}
{
  message: ' Database connected successfully!',
  level: 'info',
  service: 'user-service',
  label: 'UMS',
  timestamp: '2023-07-05T21:05:20.139Z'
}
{
  message: ' Application listening on port 5000',
  level: 'info',
  service: 'user-service',
  label: 'UMS',
  timestamp: '2023-07-05T21:05:20.156Z'
}
{
  message: ' Database connected successfully!',
  level: 'info',
  service: 'user-service',
  label: 'UMS',
  timestamp: '2023-07-05T21:05:59.008Z'
}
{
  message: ' Application listening on port 5000',
  level: 'info',
  service: 'user-service',
  label: 'UMS',
  timestamp: '2023-07-05T21:05:59.028Z'
}
{
  message: ' Database connected successfully!',
  level: 'info',
  service: 'user-service',
  label: 'UMS',
  timestamp: '2023-07-05T21:09:32.761Z'
}
{
  message: ' Application listening on port 5000',
  level: 'info',
  service: 'user-service',
  label: 'UMS',
  timestamp: '2023-07-05T21:09:32.785Z'
}
{
  message: ' Database connected successfully!',
  level: 'info',
  service: 'user-service',
  label: 'UMS',
  timestamp: '2023-07-05T21:10:40.735Z'
}
{
  message: ' Application listening on port 5000',
  level: 'info',
  service: 'user-service',
  label: 'UMS',
  timestamp: '2023-07-05T21:10:40.762Z'
}
{
  message: ' Database connected successfully!',
  level: 'info',
  service: 'user-service',
  label: 'UMS',
  timestamp: '2023-07-05T21:11:56.044Z'
}
{
  message: ' Application listening on port 5000',
  level: 'info',
  service: 'user-service',
  label: 'UMS',
  timestamp: '2023-07-05T21:11:56.059Z'
}
{
  message: ' Database connected successfully!',
  level: 'info',
  service: 'user-service',
  label: 'UMS',
  timestamp: '2023-07-05T21:13:04.757Z'
}
{
  message: ' Application listening on port 5000',
  level: 'info',
  service: 'user-service',
  label: 'UMS',
  timestamp: '2023-07-05T21:13:04.771Z'
}
{
  message: ' Database connected successfully!',
  level: 'info',
  service: 'user-service',
  label: 'UMS',
  timestamp: '2023-07-05T21:15:00.762Z'
}
{
  message: ' Application listening on port 5000',
  level: 'info',
  service: 'user-service',
  label: 'UMS',
  timestamp: '2023-07-05T21:15:00.780Z'
}
{
  message: ' Database connected successfully!',
  level: 'info',
  service: 'user-service',
  label: 'UMS',
  timestamp: '2023-07-05T21:15:49.234Z'
}
{
  message: ' Application listening on port 5000',
  level: 'info',
  service: 'user-service',
  label: 'UMS',
  timestamp: '2023-07-05T21:15:49.252Z'
}
{
  message: ' Database connected successfully!',
  level: 'info',
  service: 'user-service',
  label: 'UMS',
  timestamp: '2023-07-05T21:17:30.800Z'
}
{
  message: ' Application listening on port 5000',
  level: 'info',
  service: 'user-service',
  label: 'UMS',
  timestamp: '2023-07-05T21:17:30.812Z'
}
{
  message: ' Database connected successfully!',
  level: 'info',
  service: 'user-service',
  label: 'UMS',
  timestamp: '2023-07-05T21:17:47.681Z'
}
{
  message: ' Application listening on port 5000',
  level: 'info',
  service: 'user-service',
  label: 'UMS',
  timestamp: '2023-07-05T21:17:47.699Z'
}
{
  message: ' Database connected successfully!',
  level: 'info',
  service: 'user-service',
  label: 'UMS',
  timestamp: '2023-07-05T21:17:59.644Z'
}
{
  message: ' Application listening on port 5000',
  level: 'info',
  service: 'user-service',
  label: 'UMS',
  timestamp: '2023-07-05T21:17:59.667Z'
}
{
  message: ' Database connected successfully!',
  level: 'info',
  service: 'user-service',
  label: 'UMS',
  timestamp: '2023-07-05T21:18:59.344Z'
}
{
  message: ' Application listening on port 5000',
  level: 'info',
  service: 'user-service',
  label: 'UMS',
  timestamp: '2023-07-05T21:18:59.365Z'
}
{
  message: ' Database connected successfully!',
  level: 'info',
  service: 'user-service',
  label: 'UMS',
  timestamp: '2023-07-05T21:19:58.266Z'
}
{
  message: ' Application listening on port 5000',
  level: 'info',
  service: 'user-service',
  label: 'UMS',
  timestamp: '2023-07-05T21:19:58.283Z'
}
{
  message: ' Database connected successfully!',
  level: 'info',
  service: 'user-service',
  label: 'UMS',
  timestamp: '2023-07-05T21:20:09.354Z'
}
{
  message: ' Application listening on port 5000',
  level: 'info',
  service: 'user-service',
  label: 'UMS',
  timestamp: '2023-07-05T21:20:09.371Z'
}
{
  message: ' Database connected successfully!',
  level: 'info',
  service: 'user-service',
  label: 'UMS',
  timestamp: '2023-07-05T21:22:35.367Z'
}
{
  message: ' Application listening on port 5000',
  level: 'info',
  service: 'user-service',
  label: 'UMS',
  timestamp: '2023-07-05T21:22:35.384Z'
}
